2021-02-10 00:01:20.4464 INFO User SignedOut
2021-02-10 00:02:26.8513 INFO User entered in Login Controller.
2021-02-10 00:02:29.2884 INFO User entered in Index Controller.
2021-02-10 00:02:31.1948 INFO User entered in Details Controler.
2021-02-10 00:02:32.9985 INFO User entered in Edit Controller to get Edit Form.
2021-02-10 00:02:47.9346 INFO User entered in Edit Controller by submitting Edit Request.
2021-02-10 00:03:20.6466 INFO User entered in Edit Controller by submitting Edit Request.
2021-02-10 00:04:50.5851 INFO User SignedOut
2021-02-10 00:05:02.2808 INFO User entered in Login Controller.
2021-02-10 00:05:04.0949 INFO User entered in Index Controller.
2021-02-10 00:05:06.4298 INFO User entered in Details Controler.
2021-02-10 00:05:08.0569 INFO User entered in Edit Controller to get Edit Form.
2021-02-10 00:05:22.7602 INFO User entered in Edit Controller by submitting Edit Request.
2021-02-10 00:05:27.4449 INFO User entered in Details Controler.
2021-02-10 00:05:47.6637 INFO User entered in Index Controller.
2021-02-10 00:05:50.6315 INFO User entered in Index Controller.
2021-02-10 00:05:53.0147 INFO User entered in Details Controler.
2021-02-10 00:05:55.7832 INFO User entered in Edit Controller to get Edit Form.
2021-02-10 00:05:59.7138 INFO User entered in Edit Controller by submitting Edit Request.
2021-02-10 00:06:03.2863 INFO User entered in Details Controler.
2021-02-10 00:15:57.0786 INFO User SignedOut
2021-02-10 00:16:11.9581 INFO User entered in Register Controller.
2021-02-10 00:17:58.7525 INFO User SignedOut
2021-02-10 00:18:56.8059 INFO User entered in Register Controller.
2021-02-10 00:19:05.2602 INFO User entered in Register Controller.
2021-02-10 00:19:24.7896 INFO User entered in Register Controller.
2021-02-10 00:19:34.9589 INFO User entered in Register Controller.
2021-02-10 00:21:56.4082 INFO User SignedOut
2021-02-10 00:22:31.4918 INFO User entered in Register Controller.
2021-02-10 00:23:32.2132 INFO User entered in Register Controller.
2021-02-10 00:23:43.3935 INFO User entered in Register Controller.
2021-02-10 00:24:56.2464 INFO User entered in Register Controller.
2021-02-10 00:43:09.5918 INFO User SignedOut
2021-02-10 00:43:19.3600 INFO User entered in Login Controller.
2021-02-10 00:43:21.3231 INFO User entered in Index Controller.
2021-02-10 00:43:24.1324 INFO User entered in Details Controler.
2021-02-10 00:43:26.3152 INFO User entered in Edit Controller to get Edit Form.
2021-02-10 00:43:45.8398 INFO User entered in Edit Controller by submitting Edit Request.
2021-02-10 00:43:48.3542 INFO User entered in Details Controler.
2021-02-10 00:44:02.2576 INFO User entered in Index Controller.
2021-02-10 00:44:05.2866 INFO User SignedOut
2021-02-10 01:18:38.7560 INFO User entered in Login Controller.
2021-02-10 01:18:40.3061 INFO User entered in Login Controller.
2021-02-10 01:18:40.5531 INFO User entered in Index Controller.
2021-02-10 01:18:42.7265 INFO User entered in Details Controler.
2021-02-10 01:18:44.9259 INFO User entered in Edit Controller to get Edit Form.
2021-02-10 01:18:47.8652 INFO User entered in Edit Controller by submitting Edit Request.
2021-02-10 01:18:51.0562 INFO User entered in Details Controler.
2021-02-10 01:18:56.2560 INFO User entered in Index Controller.
2021-02-10 01:18:57.7791 INFO User SignedOut
